internal/modules/cjs/loader.js:934
  throw err;
  ^

Error: Cannot find module '/home/username/public_html/braintrain/my-app/server.js'
    at Function.Module._resolveFilename (internal/modules/cjs/loader.js:931:15)
    at Function.Module._load (internal/modules/cjs/loader.js:774:27)
    at Function.executeUserEntryPoint [as runMain] (internal/modules/run_main.js:75:12)
    at internal/main/run_main_module.js:17:47 {
  code: 'MODULE_NOT_FOUND',
  requireStack: []
}
internal/modules/cjs/loader.js:934
  throw err;
  ^

Error: Cannot find module '/home/username/public_html/braintrain/my-app/server.js'
    at Function.Module._resolveFilename (internal/modules/cjs/loader.js:931:15)
    at Function.Module._load (internal/modules/cjs/loader.js:774:27)
    at Function.executeUserEntryPoint [as runMain] (internal/modules/run_main.js:75:12)
    at internal/main/run_main_module.js:17:47 {
  code: 'MODULE_NOT_FOUND',
  requireStack: []
}

> my-app@0.1.0 start /home/manders1/node_apps/braintrain/my-app
> react-scripts start

[34mℹ[39m [90m｢wds｣[39m: Project is running at http://0.0.0.0:3000/
[34mℹ[39m [90m｢wds｣[39m: webpack output is served from 
[34mℹ[39m [90m｢wds｣[39m: Content not from webpack is served from /home/manders1/node_apps/braintrain/my-app/public
[34mℹ[39m [90m｢wds｣[39m: 404s will fallback to /
Starting the development server...

[0;33mOne of your dependencies, babel-preset-react-app, is importing the
"@babel/plugin-proposal-private-property-in-object" package without
declaring it in its dependencies. This is currently working because
"@babel/plugin-proposal-private-property-in-object" is already in your
node_modules folder for unrelated reasons, but it [1mmay break at any time[0;33m.

babel-preset-react-app is part of the create-react-app project, [1mwhich
is not maintianed anymore[0;33m. It is thus unlikely that this bug will
ever be fixed. Add "@babel/plugin-proposal-private-property-in-object" to
your devDependencies to work around this error. This will make this message
go away.[0m
  
Failed to compile.

./src/index.js
RangeError: WebAssembly.instantiate(): Out of memory: wasm memory
